> ctrl-X

vX.0 = javascript code
vX.1 = html code
vx.2 = css code


// Otimização de código:
[v2.1]3
[v2.1]4


// [v2.0]:
_11/01/2016 18:57
1. Dois pontos passa a ser um caractere válido na fórmula, i.e, passa a ser um separador/delimitador;
2. Acrescentou-se "(...) bem formada.";
3. Função para esconder/mostrar elementos com a id passada (goal: mostrar 2 novos botões caso a fbf seja um argumento);
4. Função transferida de .html para .js
_12/01/2016 21:17
5. Função para esconder/mostrar elementos de uma classe passada;
6. Adicionado um limitador de número de variáveis;
_13/01/2016 20:42
7. Caractere colon (dois pontos) foi adicionado aos chars válidos;

// [v2.1]:
_11/01/2016 18:57
1. Nova div criada para separar as funções válidas para uma fbf que representa argumento (de acordo com a id "funcoes_argumento");
2. Adicionado atributo 'hidden' a div de id 'funcoes_argumento' para deixar oculto elementos dessa div;
_12/01/2016 21:03
3. Alterado ação ao clicar na checkbox: de gerar tabela para mostrar/esconder identificadores de linhas críticas;
4. Alterado ação ao clicar na checkbox: de gerar tabela para mostrar/esconder parágrafo;
_13/01/2016 09:13
5. Classe 'mainButton' adicionada ao botão de gerar tabela;


// [v2.2]:
_12/01/2016 21:03
1. Adicionado com o objetivo de iniciar escondido os objetos da classe 'linhaCriticaIdentificador', visto que as linhas críticas são sempre calculadas mas mostradas de acordo com a checkbox;
2. Adicionado estilo inicial para objeto com id 'validade_argumento' pois não está sendo possível esconder (hidden) somente um objeto;
_13/01/2016 09:13
3. Adicionado cursor hand style para todos os botões;
4. Estilo definido para o botão de gerar tabela;
5. Posição central definida para o placeholder;
6. margin-bottom do título alterada de 15px para 40px;
7. Adicionado 3 @font-face
8. Importação de fonte para título
